
运行时间: 2025-03-20 00:13:49
选定书籍: 《明朝那些事儿(增补版)(套装全九册)》
阅读时长: 107.0 分钟
--------------------------------------------------
运行时间: 2025-03-20 06:42:12
选定书籍: 《明朝那些事儿(全集)》
阅读时长: 66.5 分钟
--------------------------------------------------
运行时间: 2025-03-20 09:46:36
选定书籍: 《明朝那些事儿(增补版)(套装全九册)》
阅读时长: 1.0 分钟
--------------------------------------------------
运行时间: 2025-03-20 13:23:01
选定书籍: 《明朝那些事儿(全集)》
阅读时长: 89.5 分钟
--------------------------------------------------
运行时间: 2025-03-20 23:57:54
选定书籍: 《明朝那些事儿(增补版)(套装全九册)》
阅读时长: 97.0 分钟
--------------------------------------------------
运行时间: 2025-03-21 06:38:22
选定书籍: 《明朝那些事儿(增补版)(套装全九册)》
阅读时长: 75.0 分钟
--------------------------------------------------
运行时间: 2025-03-21 13:35:02
选定书籍: 《明朝那些事儿(增补版)(套装全九册)》
阅读时长: 84.0 分钟
--------------------------------------------------
运行时间: 2025-03-22 00:01:45
选定书籍: 《明朝那些事儿(增补版)(套装全九册)》
阅读时长: 100.0 分钟
--------------------------------------------------
